<?xml version="1.0" encoding="UTF-8"?>
<testng-results ignored="0" total="1" passed="1" failed="0" skipped="0">
  <reporter-output>
  </reporter-output>
  <suite started-at="2023-12-05T13:17:25 IST" name="Suite" finished-at="2023-12-05T13:18:00 IST" duration-ms="34617">
    <groups>
    </groups>
    <test started-at="2023-12-05T13:17:25 IST" name="Test" finished-at="2023-12-05T13:18:00 IST" duration-ms="34617">
      <class name="com.one.pom2.Payment">
        <test-method is-config="true" signature="createReport()[pri:0, instance:com.one.pom2.Payment@55f616cf]" started-at="2023-12-05T13:17:25 IST" name="createReport" finished-at="2023-12-05T13:17:26 IST" duration-ms="192" status="PASS">
          <reporter-output>
          </reporter-output>
        </test-method> <!-- createReport -->
        <test-method signature="Paymentbook(java.lang.String,java.lang.String,java.lang.String,java.lang.String,java.lang.String,java.lang.String,java.lang.String,java.lang.String,java.lang.String,java.lang.String,java.lang.String)[pri:0, instance:com.one.pom2.Payment@55f616cf]" started-at="2023-12-05T13:17:26 IST" name="Paymentbook" finished-at="2023-12-05T13:17:58 IST" duration-ms="32709" status="PASS">
          <params>
            <param index="0">
              <value>
                <![CDATA[https://www.easemytrip.com/]]>
              </value>
            </param>
            <param index="1">
              <value>
                <![CDATA[Kashmir]]>
              </value>
            </param>
            <param index="2">
              <value>
                <![CDATA[(//p[@id='airportSrinagar'])[1]]]>
              </value>
            </param>
            <param index="3">
              <value>
                <![CDATA[bangalore]]>
              </value>
            </param>
            <param index="4">
              <value>
                <![CDATA[(//span[@id='spnBangalore'])[1]]]>
              </value>
            </param>
            <param index="5">
              <value>
                <![CDATA[24/12/2023]]>
              </value>
            </param>
            <param index="6">
              <value>
                <![CDATA[Mr]]>
              </value>
            </param>
            <param index="7">
              <value>
                <![CDATA[Raju]]>
              </value>
            </param>
            <param index="8">
              <value>
                <![CDATA[Ram]]>
              </value>
            </param>
            <param index="9">
              <value>
                <![CDATA[8888888888]]>
              </value>
            </param>
            <param index="10">
              <value>
                <![CDATA[abg@gmail.com]]>
              </value>
            </param>
          </params>
          <reporter-output>
          </reporter-output>
        </test-method> <!-- Paymentbook -->
        <test-method is-config="true" signature="push()[pri:0, instance:com.one.pom2.Payment@55f616cf]" started-at="2023-12-05T13:17:58 IST" name="push" finished-at="2023-12-05T13:18:00 IST" duration-ms="1658" status="PASS">
          <reporter-output>
          </reporter-output>
        </test-method> <!-- push -->
      </class> <!-- com.one.pom2.Payment -->
    </test> <!-- Test -->
  </suite> <!-- Suite -->
</testng-results>
