<?xml version="1.0" encoding="UTF-8"?>
<testng-results ignored="0" total="1" passed="1" failed="0" skipped="0">
  <reporter-output>
  </reporter-output>
  <suite started-at="2023-12-12T13:45:50 IST" name="Default suite" finished-at="2023-12-12T13:47:23 IST" duration-ms="92717">
    <groups>
    </groups>
    <test started-at="2023-12-12T13:45:50 IST" name="Default test" finished-at="2023-12-12T13:47:23 IST" duration-ms="92717">
      <class name="com.one.Main.Book2">
        <test-method is-config="true" signature="createReports()[pri:0, instance:com.one.Main.Book2@69fb6037]" started-at="2023-12-12T13:45:50 IST" name="createReports" finished-at="2023-12-12T13:45:50 IST" duration-ms="191" status="PASS">
          <reporter-output>
          </reporter-output>
        </test-method> <!-- createReports -->
        <test-method signature="book(java.lang.String,java.lang.String,java.lang.String,java.lang.String,java.lang.String)[pri:0, instance:com.one.Main.Book2@69fb6037]" started-at="2023-12-12T13:45:50 IST" name="book" data-provider="Data" finished-at="2023-12-12T13:47:22 IST" duration-ms="92089" status="PASS">
          <params>
            <param index="0">
              <value>
                <![CDATA[//span[text()= 'New Delhi(DEL)']]]>
              </value>
            </param>
            <param index="1">
              <value>
                <![CDATA[Del]]>
              </value>
            </param>
            <param index="2">
              <value>
                <![CDATA[//span[text()= 'Hyderabad(HYD)']]]>
              </value>
            </param>
            <param index="3">
              <value>
                <![CDATA[Hyd]]>
              </value>
            </param>
            <param index="4">
              <value>
                <![CDATA[22/12/2023]]>
              </value>
            </param>
          </params>
          <reporter-output>
          </reporter-output>
        </test-method> <!-- book -->
        <test-method is-config="true" signature="push()[pri:0, instance:com.one.Main.Book2@69fb6037]" started-at="2023-12-12T13:47:22 IST" name="push" finished-at="2023-12-12T13:47:23 IST" duration-ms="394" status="PASS">
          <reporter-output>
          </reporter-output>
        </test-method> <!-- push -->
      </class> <!-- com.one.Main.Book2 -->
    </test> <!-- Default test -->
  </suite> <!-- Default suite -->
</testng-results>
